<?xml version="1.0" encoding="UTF-8"?>
<robot generator="Robot 6.0.2 (Python 3.8.5 on win32)" generated="20230313 12:36:28.657" rpa="false" schemaversion="3">
<suite id="s1" name="FileUpload" source="C:\_STYL\Projects\UploadFileAutomation\Tests\FileUpload.robot">
<test id="s1-t1" name="Verify Valid File Upload" line="17">
<kw name="Open Browser" library="SeleniumLibrary">
<arg>https://demo.guru99.com/test/upload/</arg>
<arg>Chrome</arg>
<doc>Opens a new browser instance to the optional ``url``.</doc>
<msg timestamp="20230313 12:36:28.826" level="INFO">Opening browser 'Chrome' to base url 'https://demo.guru99.com/test/upload/'.</msg>
<status status="PASS" starttime="20230313 12:36:28.826" endtime="20230313 12:36:33.707"/>
</kw>
<kw name="Wait Until Element Is Visible" library="SeleniumLibrary">
<arg>id:submitbutton</arg>
<arg>timeout=20</arg>
<doc>Waits until the element ``locator`` is visible.</doc>
<status status="PASS" starttime="20230313 12:36:33.708" endtime="20230313 12:36:33.732"/>
</kw>
<kw name="Get File Size" library="OperatingSystem">
<var>${filesize}</var>
<arg>${AddFile}</arg>
<doc>Returns and logs file size as an integer in bytes.</doc>
<msg timestamp="20230313 12:36:33.732" level="INFO" html="true">Size of file '&lt;a href="file://C:\_STYL\Projects\UploadFileAutomation\Resources\Upload\rose.jpg"&gt;C:\_STYL\Projects\UploadFileAutomation\Resources\Upload\rose.jpg&lt;/a&gt;' is 197903 bytes.</msg>
<msg timestamp="20230313 12:36:33.733" level="INFO">${filesize} = 197903</msg>
<status status="PASS" starttime="20230313 12:36:33.732" endtime="20230313 12:36:33.733"/>
</kw>
<kw name="Log" library="BuiltIn">
<arg>file size is ${filesize}</arg>
<doc>Logs the given message with the given level.</doc>
<msg timestamp="20230313 12:36:33.733" level="INFO">file size is 197903</msg>
<status status="PASS" starttime="20230313 12:36:33.733" endtime="20230313 12:36:33.733"/>
</kw>
<kw name="Run Keyword If" library="BuiltIn">
<arg>${filesize} &lt;= 196450000</arg>
<arg>Click fileupload aaa</arg>
<arg>ELSE</arg>
<arg>Fail</arg>
<arg>Size of upload file is larger than 196.45 MB</arg>
<doc>Runs the given keyword with the given arguments, if ``condition`` is true.</doc>
<kw name="Click fileupload aaa">
<kw name="Choose File" library="SeleniumLibrary">
<arg>id:uploadfile_0</arg>
<arg>${AddFile}</arg>
<doc>Inputs the ``file_path`` into the file input field ``locator``.</doc>
<msg timestamp="20230313 12:36:33.734" level="INFO">Sending C:\_STYL\Projects\UploadFileAutomation\Resources\Upload\rose.jpg to browser.</msg>
<status status="PASS" starttime="20230313 12:36:33.734" endtime="20230313 12:36:33.766"/>
</kw>
<kw name="Select Checkbox" library="SeleniumLibrary">
<arg>id:terms</arg>
<doc>Selects the checkbox identified by ``locator``.</doc>
<msg timestamp="20230313 12:36:33.767" level="INFO">Selecting checkbox 'id:terms'.</msg>
<status status="PASS" starttime="20230313 12:36:33.766" endtime="20230313 12:36:33.816"/>
</kw>
<kw name="Click Element" library="SeleniumLibrary">
<arg>id:submitbutton</arg>
<doc>Click the element identified by ``locator``.</doc>
<msg timestamp="20230313 12:36:33.817" level="INFO">Clicking element 'id:submitbutton'.</msg>
<status status="PASS" starttime="20230313 12:36:33.816" endtime="20230313 12:36:33.850"/>
</kw>
<status status="PASS" starttime="20230313 12:36:33.734" endtime="20230313 12:36:33.850"/>
</kw>
<status status="PASS" starttime="20230313 12:36:33.733" endtime="20230313 12:36:33.850"/>
</kw>
<kw name="Wait Until Page Contains" library="SeleniumLibrary">
<arg>has been successfully uploaded</arg>
<doc>Waits until ``text`` appears on the current page.</doc>
<status status="PASS" starttime="20230313 12:36:33.851" endtime="20230313 12:36:33.864"/>
</kw>
<kw name="Close Browser" library="SeleniumLibrary">
<doc>Closes the current browser.</doc>
<status status="PASS" starttime="20230313 12:36:33.864" endtime="20230313 12:36:35.954"/>
</kw>
<doc>This test case verifies that a user can successfully upload a file that its size &lt; 196.45MB</doc>
<tag>Regression</tag>
<status status="PASS" starttime="20230313 12:36:28.824" endtime="20230313 12:36:35.955"/>
</test>
<doc>File Upload in Robot Framework</doc>
<status status="PASS" starttime="20230313 12:36:28.659" endtime="20230313 12:36:35.956"/>
</suite>
<statistics>
<total>
<stat pass="1" fail="0" skip="0">All Tests</stat>
</total>
<tag>
<stat pass="1" fail="0" skip="0">Regression</stat>
</tag>
<suite>
<stat pass="1" fail="0" skip="0" id="s1" name="FileUpload">FileUpload</stat>
</suite>
</statistics>
<errors>
</errors>
</robot>
