<?xml version="1.0" encoding="UTF-8"?>
<robot generator="Robot 6.0.2 (Python 3.8.5 on win32)" generated="20230313 15:49:10.459" rpa="false" schemaversion="3">
<suite id="s1" name="FileUpload" source="C:\_STYL\Projects\UploadFileAutomation-main\Tests\FileUpload.robot">
<test id="s1-t1" name="Verify Valid File Upload" line="17">
<kw name="I visit the file upload page">
<kw name="Open Browser" library="SeleniumLibrary">
<arg>https://demo.guru99.com/test/upload/</arg>
<arg>Chrome</arg>
<doc>Opens a new browser instance to the optional ``url``.</doc>
<msg timestamp="20230313 15:49:10.662" level="INFO">Opening browser 'Chrome' to base url 'https://demo.guru99.com/test/upload/'.</msg>
<status status="PASS" starttime="20230313 15:49:10.662" endtime="20230313 15:49:15.221"/>
</kw>
<kw name="Wait Until Element Is Visible" library="SeleniumLibrary">
<arg>id:submitbutton</arg>
<arg>timeout=20</arg>
<doc>Waits until the element ``locator`` is visible.</doc>
<status status="PASS" starttime="20230313 15:49:15.222" endtime="20230313 15:49:15.243"/>
</kw>
<status status="PASS" starttime="20230313 15:49:10.661" endtime="20230313 15:49:15.243"/>
</kw>
<kw name="I upload a file with valid size">
<kw name="Get File Size" library="OperatingSystem">
<var>${filesize}</var>
<arg>${AddFile}</arg>
<doc>Returns and logs file size as an integer in bytes.</doc>
<msg timestamp="20230313 15:49:15.244" level="INFO" html="true">Size of file '&lt;a href="file://C:\_STYL\Projects\UploadFileAutomation\Resources\Upload\rose.jpg"&gt;C:\_STYL\Projects\UploadFileAutomation\Resources\Upload\rose.jpg&lt;/a&gt;' is 197903 bytes.</msg>
<msg timestamp="20230313 15:49:15.244" level="INFO">${filesize} = 197903</msg>
<status status="PASS" starttime="20230313 15:49:15.244" endtime="20230313 15:49:15.245"/>
</kw>
<kw name="Log" library="BuiltIn">
<arg>file size is ${filesize}</arg>
<doc>Logs the given message with the given level.</doc>
<msg timestamp="20230313 15:49:15.245" level="INFO">file size is 197903</msg>
<status status="PASS" starttime="20230313 15:49:15.245" endtime="20230313 15:49:15.245"/>
</kw>
<kw name="Run Keyword If" library="BuiltIn">
<arg>${filesize} &lt;= 196450000</arg>
<arg>Click fileupload</arg>
<arg>ELSE</arg>
<arg>Fail</arg>
<arg>Size of upload file is larger than 196.45 MB</arg>
<doc>Runs the given keyword with the given arguments, if ``condition`` is true.</doc>
<kw name="Click fileupload">
<kw name="Choose File" library="SeleniumLibrary">
<arg>id:uploadfile_0</arg>
<arg>${AddFile}</arg>
<doc>Inputs the ``file_path`` into the file input field ``locator``.</doc>
<msg timestamp="20230313 15:49:15.245" level="INFO">Sending C:\_STYL\Projects\UploadFileAutomation\Resources\Upload\rose.jpg to browser.</msg>
<status status="PASS" starttime="20230313 15:49:15.245" endtime="20230313 15:49:15.278"/>
</kw>
<kw name="Select Checkbox" library="SeleniumLibrary">
<arg>id:terms</arg>
<doc>Selects the checkbox identified by ``locator``.</doc>
<msg timestamp="20230313 15:49:15.279" level="INFO">Selecting checkbox 'id:terms'.</msg>
<status status="PASS" starttime="20230313 15:49:15.278" endtime="20230313 15:49:15.377"/>
</kw>
<kw name="Click Element" library="SeleniumLibrary">
<arg>id:submitbutton</arg>
<doc>Click the element identified by ``locator``.</doc>
<msg timestamp="20230313 15:49:15.378" level="INFO">Clicking element 'id:submitbutton'.</msg>
<status status="PASS" starttime="20230313 15:49:15.377" endtime="20230313 15:49:15.414"/>
</kw>
<status status="PASS" starttime="20230313 15:49:15.245" endtime="20230313 15:49:15.414"/>
</kw>
<status status="PASS" starttime="20230313 15:49:15.245" endtime="20230313 15:49:15.414"/>
</kw>
<status status="PASS" starttime="20230313 15:49:15.244" endtime="20230313 15:49:15.414"/>
</kw>
<kw name="Page should show file has been successfully uploaded">
<kw name="Wait Until Page Contains" library="SeleniumLibrary">
<arg>has been successfully uploaded</arg>
<doc>Waits until ``text`` appears on the current page.</doc>
<status status="PASS" starttime="20230313 15:49:15.415" endtime="20230313 15:49:15.428"/>
</kw>
<status status="PASS" starttime="20230313 15:49:15.415" endtime="20230313 15:49:15.429"/>
</kw>
<kw name="Close Browser" library="SeleniumLibrary">
<doc>Closes the current browser.</doc>
<status status="PASS" starttime="20230313 15:49:15.429" endtime="20230313 15:49:17.541"/>
</kw>
<doc>This test case verifies that a user can successfully upload a file that its size &lt; 196.45MB</doc>
<tag>Regression</tag>
<status status="PASS" starttime="20230313 15:49:10.661" endtime="20230313 15:49:17.542"/>
</test>
<doc>File Upload in Robot Framework</doc>
<status status="PASS" starttime="20230313 15:49:10.460" endtime="20230313 15:49:17.544"/>
</suite>
<statistics>
<total>
<stat pass="1" fail="0" skip="0">All Tests</stat>
</total>
<tag>
<stat pass="1" fail="0" skip="0">Regression</stat>
</tag>
<suite>
<stat pass="1" fail="0" skip="0" id="s1" name="FileUpload">FileUpload</stat>
</suite>
</statistics>
<errors>
</errors>
</robot>
